mode: set
github.com/smartrics/golang-tutorial/account.go:53.64,55.2 1 1
github.com/smartrics/golang-tutorial/account.go:57.105,58.24 1 1
github.com/smartrics/golang-tutorial/account.go:58.24,60.3 1 1
github.com/smartrics/golang-tutorial/account.go:61.2,61.31 1 1
github.com/smartrics/golang-tutorial/account.go:61.31,63.3 1 1
github.com/smartrics/golang-tutorial/account.go:64.2,65.78 2 1
github.com/smartrics/golang-tutorial/account.go:68.100,69.22 1 0
github.com/smartrics/golang-tutorial/account.go:69.22,71.3 1 0
github.com/smartrics/golang-tutorial/account.go:72.2,73.62 2 0
github.com/smartrics/golang-tutorial/account.go:76.68,77.16 1 1
github.com/smartrics/golang-tutorial/account.go:77.16,79.3 1 1
github.com/smartrics/golang-tutorial/account.go:80.2,80.24 1 1
github.com/smartrics/golang-tutorial/account.go:80.24,82.3 1 1
github.com/smartrics/golang-tutorial/account.go:83.2,83.52 1 1
github.com/smartrics/golang-tutorial/account.go:86.67,87.16 1 1
github.com/smartrics/golang-tutorial/account.go:87.16,89.3 1 1
github.com/smartrics/golang-tutorial/account.go:90.2,90.52 1 1
github.com/smartrics/golang-tutorial/account.go:93.40,95.2 1 1
github.com/smartrics/golang-tutorial/account.go:97.38,99.2 1 0
github.com/smartrics/golang-tutorial/account.go:101.37,103.2 1 1
github.com/smartrics/golang-tutorial/account.go:106.51,108.2 1 1
github.com/smartrics/golang-tutorial/account.go:112.72,114.2 1 1
github.com/smartrics/golang-tutorial/account.go:117.48,119.2 1 0
github.com/smartrics/golang-tutorial/bankService.go:14.35,18.2 1 1
github.com/smartrics/golang-tutorial/bankService.go:20.84,22.17 2 1
github.com/smartrics/golang-tutorial/bankService.go:22.17,24.3 1 1
github.com/smartrics/golang-tutorial/bankService.go:24.8,26.3 1 0
github.com/smartrics/golang-tutorial/bankService.go:27.2,27.34 1 1
github.com/smartrics/golang-tutorial/bankService.go:30.136,32.16 2 1
github.com/smartrics/golang-tutorial/bankService.go:32.16,34.3 1 1
github.com/smartrics/golang-tutorial/bankService.go:35.2,36.16 2 1
github.com/smartrics/golang-tutorial/bankService.go:36.16,38.3 1 0
github.com/smartrics/golang-tutorial/bankService.go:39.2,48.28 4 1
github.com/smartrics/golang-tutorial/bankService.go:51.80,52.20 1 1
github.com/smartrics/golang-tutorial/bankService.go:52.20,54.3 1 0
github.com/smartrics/golang-tutorial/bankService.go:55.2,55.41 1 1
github.com/smartrics/golang-tutorial/bankService.go:55.41,59.3 1 1
github.com/smartrics/golang-tutorial/bankService.go:60.2,60.42 1 1
github.com/smartrics/golang-tutorial/transaction.go:32.106,40.2 1 1
github.com/smartrics/golang-tutorial/transaction.go:42.42,44.2 1 1
github.com/smartrics/golang-tutorial/transaction.go:46.40,48.2 1 1
github.com/smartrics/golang-tutorial/transaction.go:50.38,52.2 1 1
github.com/smartrics/golang-tutorial/transaction.go:54.40,56.2 1 0
github.com/smartrics/golang-tutorial/transaction.go:58.42,60.2 1 1
github.com/smartrics/golang-tutorial/transaction.go:62.39,70.2 1 0
